#
# There is insufficient memory for the Java Runtime Environment to continue.
# Native memory allocation (malloc) failed to allocate 1048576 bytes for AllocateHeap
# Possible reasons:
#   The system is out of physical RAM or swap space
#   The process is running with CompressedOops enabled, and the Java Heap may be blocking the growth of the native heap
# Possible solutions:
#   Reduce memory load on the system
#   Increase physical memory or swap space
#   Check if swap backing store is full
#   Decrease Java heap size (-Xmx/-Xms)
#   Decrease number of Java threads
#   Decrease Java thread stack sizes (-Xss)
#   Set larger code cache with -XX:ReservedCodeCacheSize=
#   JVM is running with Unscaled Compressed Oops mode in which the Java heap is
#     placed in the first 4GB address space. The Java Heap base address is the
#     maximum limit for the native heap growth. Please use -XX:HeapBaseMinAddress
#     to set the Java Heap base and to place the Java Heap above 4GB virtual address.
# This output file may be truncated or incomplete.
#
#  Out of Memory Error (./open/src/hotspot/share/memory/allocation.cpp:44), pid=6652, tid=3188
#
# JRE version: OpenJDK Runtime Environment (15.0.2+7) (build 15.0.2+7-27)
# Java VM: OpenJDK 64-Bit Server VM (15.0.2+7-27, mixed mode, tiered, compressed oops, g1 gc, windows-amd64)
# No core dump will be written. Minidumps are not enabled by default on client versions of Windows
#

---------------  S U M M A R Y ------------

Command Line: -XX:+ShowCodeDetailsInExceptionMessages -agentlib:jdwp=transport=dt_socket,suspend=y,address=localhost:54882 -Dcom.sun.management.jmxremote -Dcom.sun.management.jmxremote.port=54880 -Dcom.sun.management.jmxremote.authenticate=false -Dcom.sun.management.jmxremote.ssl=false -Djava.rmi.server.hostname=localhost -Dspring.jmx.enabled=true -Dspring.application.admin.enabled=true -XX:TieredStopAtLevel=1 -Dspring.boot.project.name=springrest -javaagent:C:\Users\DELL\Desktop\spring\sts-4.10.0.RELEASE\configuration\org.eclipse.osgi\254\0\.cp\lib\javaagent-shaded.jar -Dfile.encoding=UTF-8 com.springrest.springrest.SpringrestApplication --spring.output.ansi.enabled=always

Host: Intel(R) Core(TM) i5-6200U CPU @ 2.30GHz, 4 cores, 3G,  Windows 10 , 64 bit Build 18362 (10.0.18362.1110)
Time: Sun Apr 18 14:00:42 2021 India Standard Time elapsed time: 8.316466 seconds (0d 0h 0m 8s)

---------------  T H R E A D  ---------------

Current thread (0x0000020b4b58bcc0):  VMThread "VM Thread" [stack: 0x000000afb6c00000,0x000000afb6d00000] [id=3188]

Stack: [0x000000afb6c00000,0x000000afb6d00000]
[error occurred during error reporting (printing stack bounds), id 0xc0000005, EXCEPTION_ACCESS_VIOLATION (0xc0000005) at pc=0x0000020b4eed10ad]

Native frames: (J=compiled Java code, j=interpreted, Vv=VM code, C=native code)
V  [jvm.dll+0x62ae9a]
V  [jvm.dll+0x7817a9]
V  [jvm.dll+0x782f03]
V  [jvm.dll+0x7834c5]
V  [jvm.dll+0x78347b]
V  [jvm.dll+0x62a2b9]
V  [jvm.dll+0x62aa88]
C  [ntdll.dll+0xa184f]
C  [ntdll.dll+0x6a889]
C  [ntdll.dll+0xa04be]
C  0x0000020b4eed10ad

VM_Operation (0x000000afb66fc880): CollectForMetadataAllocation, mode: safepoint, requested by thread 0x0000020b4b4e4010


---------------  P R O C E S S  ---------------

Threads class SMR info:
_java_thread_list=0x0000020b63e1e630, length=20, elements={
0x0000020b4b4e4010, 0x0000020b62923530, 0x0000020b62924870, 0x0000020b62935800,
0x0000020b62936860, 0x0000020b62939130, 0x0000020b6293a930, 0x0000020b63252010,
0x0000020b4b576700, 0x0000020b6341c230, 0x0000020b63432e40, 0x0000020b63437e80,
0x0000020b63b809f0, 0x0000020b6341ac90, 0x0000020b63da65e0, 0x0000020b63da36d0,
0x0000020b63dda160, 0x0000020b63e141e0, 0x0000020b63e146b0, 0x0000020b63f37320
}

Java Threads: ( => current thread )
  0x0000020b4b4e4010 JavaThread "main" [_thread_blocked, id=13284, stack(0x000000afb6600000,0x000000afb6700000)]
  0x0000020b62923530 JavaThread "Reference Handler" daemon [_thread_blocked, id=1052, stack(0x000000afb6d00000,0x000000afb6e00000)]
  0x0000020b62924870 JavaThread "Finalizer" daemon [_thread_blocked, id=4048, stack(0x000000afb6e00000,0x000000afb6f00000)]
  0x0000020b62935800 JavaThread "Signal Dispatcher" daemon [_thread_blocked, id=17348, stack(0x000000afb6f00000,0x000000afb7000000)]
  0x0000020b62936860 JavaThread "Attach Listener" daemon [_thread_blocked, id=13624, stack(0x000000afb7000000,0x000000afb7100000)]
  0x0000020b62939130 JavaThread "Service Thread" daemon [_thread_blocked, id=10644, stack(0x000000afb7100000,0x000000afb7200000)]
  0x0000020b6293a930 JavaThread "C1 CompilerThread0" daemon [_thread_blocked, id=8232, stack(0x000000afb7200000,0x000000afb7300000)]
  0x0000020b63252010 JavaThread "Sweeper thread" daemon [_thread_blocked, id=232, stack(0x000000afb7300000,0x000000afb7400000)]
  0x0000020b4b576700 JavaThread "Common-Cleaner" daemon [_thread_blocked, id=14276, stack(0x000000afb7400000,0x000000afb7500000)]
  0x0000020b6341c230 JavaThread "JDWP Transport Listener: dt_socket" daemon [_thread_blocked, id=10152, stack(0x000000afb7500000,0x000000afb7600000)]
  0x0000020b63432e40 JavaThread "JDWP Event Helper Thread" daemon [_thread_blocked, id=10172, stack(0x000000afb7600000,0x000000afb7700000)]
  0x0000020b63437e80 JavaThread "JDWP Command Reader" daemon [_thread_in_native, id=9448, stack(0x000000afb7700000,0x000000afb7800000)]
  0x0000020b63b809f0 JavaThread "Notification Thread" daemon [_thread_blocked, id=6180, stack(0x000000afb7800000,0x000000afb7900000)]
  0x0000020b6341ac90 JavaThread "RMI TCP Accept-0" daemon [_thread_in_native, id=7456, stack(0x000000afb7a00000,0x000000afb7b00000)]
  0x0000020b63da65e0 JavaThread "RMI TCP Accept-54880" daemon [_thread_in_native, id=10548, stack(0x000000afb7b00000,0x000000afb7c00000)]
  0x0000020b63da36d0 JavaThread "RMI TCP Accept-0" daemon [_thread_in_native, id=14840, stack(0x000000afb7c00000,0x000000afb7d00000)]
  0x0000020b63dda160 JavaThread "RMI TCP Connection(1)-127.0.0.1" daemon [_thread_in_native, id=12244, stack(0x000000afb7e00000,0x000000afb7f00000)]
  0x0000020b63e141e0 JavaThread "RMI Scheduler(0)" daemon [_thread_blocked, id=13588, stack(0x000000afb7f00000,0x000000afb8000000)]
  0x0000020b63e146b0 JavaThread "RMI TCP Connection(2)-127.0.0.1" daemon [_thread_blocked, id=14480, stack(0x000000afb8000000,0x000000afb8100000)]
  0x0000020b63f37320 JavaThread "JMX server connection timeout 23" daemon [_thread_blocked, id=10000, stack(0x000000afb8100000,0x000000afb8200000)]

Other Threads:
=>0x0000020b4b58bcc0 VMThread "VM Thread" [stack: 0x000000afb6c00000,0x000000afb6d00000] [id=3188]
  0x0000020b4b4e4e10 WatcherThread [stack: 0x000000afb7d00000,0x000000afb7e00000] [id=10132]
  0x0000020b4b5120f0 GCTaskThread "GC Thread#0" [stack: 0x000000afb6700000,0x000000afb6800000] [id=8220]
  0x0000020b63d8f9d0 GCTaskThread "GC Thread#1" [stack: 0x000000afb7900000,0x000000afb7a00000] [id=9096]
  0x0000020b4b51b730 ConcurrentGCThread "G1 Main Marker" [stack: 0x000000afb6800000,0x000000afb6900000] [id=15324]
  0x0000020b4b51c2b0 ConcurrentGCThread "G1 Conc#0" [stack: 0x000000afb6900000,0x000000afb6a00000] [id=14660]
  0x0000020b4b56a320 ConcurrentGCThread "G1 Refine#0" [stack: 0x000000afb6a00000,0x000000afb6b00000] [id=17220]
  0x0000020b4b56ae30 ConcurrentGCThread "G1 Young RemSet Sampling" [stack: 0x000000afb6b00000,0x000000afb6c00000] [id=6856]

Threads with active compile tasks:

VM state: at safepoint (normal execution)

VM Mutex/Monitor currently owned by a thread:  ([mutex/lock_event])
[0x0000020b4b4dec10] Threads_lock - owner thread: 0x0000020b4b58bcc0
[0x0000020b4b4df360] Heap_lock - owner thread: 0x0000020b4b4e4010

Heap address: 0x00000000c1a00000, size: 998 MB, Compressed Oops mode: 32-bit
CDS disabled.
Compressed class space mapped at: 0x0000000100000000-0x0000000140000000, size: 1073741824
Narrow klass base: 0x0000000000000000, Narrow klass shift: 3, Narrow klass range: 0x140000000

GC Precious Log:
 CPUs: 4 total, 4 available
 Memory: 3987M
 Large Page Support: Disabled
 NUMA Support: Disabled
 Compressed Oops: Enabled (32-bit)
 Heap Region Size: 1M
 Heap Min Capacity: 8M
 Heap Initial Capacity: 64M
 Heap Max Capacity: 998M
 Pre-touch: Disabled
 Parallel Workers: 4
 Concurrent Workers: 1
 Concurrent Refinement Workers: 4
 Periodic GC: Disabled

Heap:
 garbage-first heap   total 65536K, used 8510K [0x00000000c1a00000, 0x0000000100000000)
  region size 1024K, 2 young (2048K), 2 survivors (2048K)
 Metaspace       used 19606K, capacity 19808K, committed 19840K, reserved 1087488K
  class space    used 2047K, capacity 2144K, committed 2176K, reserved 1048576K

Heap Regions: E=young(eden), S=young(survivor), O=old, HS=humongous(starts), HC=humongous(continues), CS=collection set, F=free, OA=open archive, CA=closed archive, TAMS=top-at-mark-start (previous, next)
|   0|0x00000000c1a00000, 0x00000000c1b00000, 0x00000000c1b00000|100%|HS|  |TAMS 0x00000000c1a00000, 0x00000000c1b00000| Complete 
|   1|0x00000000c1b00000, 0x00000000c1c00000, 0x00000000c1c00000|100%| O|  |TAMS 0x00000000c1b00000, 0x00000000c1c00000| Untracked 
|   2|0x00000000c1c00000, 0x00000000c1d00000, 0x00000000c1d00000|100%| O|  |TAMS 0x00000000c1c00000, 0x00000000c1d00000| Untracked 
|   3|0x00000000c1d00000, 0x00000000c1e00000, 0x00000000c1e00000|100%| O|  |TAMS 0x00000000c1d00000, 0x00000000c1e00000| Untracked 
|   4|0x00000000c1e00000, 0x00000000c1f00000, 0x00000000c1f00000|100%| O|  |TAMS 0x00000000c1e00000, 0x00000000c1f00000| Untracked 
|   5|0x00000000c1f00000, 0x00000000c2000000, 0x00000000c2000000|100%| O|  |TAMS 0x00000000c1f00000, 0x00000000c2000000| Untracked 
|   6|0x00000000c2000000, 0x00000000c204fa00, 0x00000000c2100000| 31%| O|  |TAMS 0x00000000c2000000, 0x00000000c204fa00| Untracked 
|   7|0x00000000c2100000, 0x00000000c2100000, 0x00000000c2200000|  0%| F|  |TAMS 0x00000000c2100000, 0x00000000c2100000| Untracked 
|   8|0x00000000c2200000, 0x00000000c2200000, 0x00000000c2300000|  0%| F|  |TAMS 0x00000000c2200000, 0x00000000c2200000| Untracked 
|   9|0x00000000c2300000, 0x00000000c2300000, 0x00000000c2400000|  0%| F|  |TAMS 0x00000000c2300000, 0x00000000c2300000| Untracked 
|  10|0x00000000c2400000, 0x00000000c2400000, 0x00000000c2500000|  0%| F|  |TAMS 0x00000000c2400000, 0x00000000c2400000| Untracked 
|  11|0x00000000c2500000, 0x00000000c2500000, 0x00000000c2600000|  0%| F|  |TAMS 0x00000000c2500000, 0x00000000c2500000| Untracked 
|  12|0x00000000c2600000, 0x00000000c2600000, 0x00000000c2700000|  0%| F|  |TAMS 0x00000000c2600000, 0x00000000c2600000| Untracked 
|  13|0x00000000c2700000, 0x00000000c2700000, 0x00000000c2800000|  0%| F|  |TAMS 0x00000000c2700000, 0x00000000c2700000| Untracked 
|  14|0x00000000c2800000, 0x00000000c2800000, 0x00000000c2900000|  0%| F|  |TAMS 0x00000000c2800000, 0x00000000c2800000| Untracked 
|  15|0x00000000c2900000, 0x00000000c2900000, 0x00000000c2a00000|  0%| F|  |TAMS 0x00000000c2900000, 0x00000000c2900000| Untracked 
|  16|0x00000000c2a00000, 0x00000000c2a00000, 0x00000000c2b00000|  0%| F|  |TAMS 0x00000000c2a00000, 0x00000000c2a00000| Untracked 
|  17|0x00000000c2b00000, 0x00000000c2b00000, 0x00000000c2c00000|  0%| F|  |TAMS 0x00000000c2b00000, 0x00000000c2b00000| Untracked 
|  18|0x00000000c2c00000, 0x00000000c2c00000, 0x00000000c2d00000|  0%| F|  |TAMS 0x00000000c2c00000, 0x00000000c2c00000| Untracked 
|  19|0x00000000c2d00000, 0x00000000c2d00000, 0x00000000c2e00000|  0%| F|  |TAMS 0x00000000c2d00000, 0x00000000c2d00000| Untracked 
|  20|0x00000000c2e00000, 0x00000000c2e00000, 0x00000000c2f00000|  0%| F|  |TAMS 0x00000000c2e00000, 0x00000000c2e00000| Untracked 
|  21|0x00000000c2f00000, 0x00000000c2f00000, 0x00000000c3000000|  0%| F|  |TAMS 0x00000000c2f00000, 0x00000000c2f00000| Untracked 
|  22|0x00000000c3000000, 0x00000000c3000000, 0x00000000c3100000|  0%| F|  |TAMS 0x00000000c3000000, 0x00000000c3000000| Untracked 
|  23|0x00000000c3100000, 0x00000000c3100000, 0x00000000c3200000|  0%| F|  |TAMS 0x00000000c3100000, 0x00000000c3100000| Untracked 
|  24|0x00000000c3200000, 0x00000000c3200000, 0x00000000c3300000|  0%| F|  |TAMS 0x00000000c3200000, 0x00000000c3200000| Untracked 
|  25|0x00000000c3300000, 0x00000000c3300000, 0x00000000c3400000|  0%| F|  |TAMS 0x00000000c3300000, 0x00000000c3300000| Untracked 
|  26|0x00000000c3400000, 0x00000000c3400000, 0x00000000c3500000|  0%| F|  |TAMS 0x00000000c3400000, 0x00000000c3400000| Untracked 
|  27|0x00000000c3500000, 0x00000000c3500000, 0x00000000c3600000|  0%| F|  |TAMS 0x00000000c3500000, 0x00000000c3500000| Untracked 
|  28|0x00000000c3600000, 0x00000000c3600000, 0x00000000c3700000|  0%| F|  |TAMS 0x00000000c3600000, 0x00000000c3600000| Untracked 
|  29|0x00000000c3700000, 0x00000000c3700000, 0x00000000c3800000|  0%| F|  |TAMS 0x00000000c3700000, 0x00000000c3700000| Untracked 
|  30|0x00000000c3800000, 0x00000000c3800000, 0x00000000c3900000|  0%| F|  |TAMS 0x00000000c3800000, 0x00000000c3800000| Untracked 
|  31|0x00000000c3900000, 0x00000000c3900000, 0x00000000c3a00000|  0%| F|  |TAMS 0x00000000c3900000, 0x00000000c3900000| Untracked 
|  32|0x00000000c3a00000, 0x00000000c3a00000, 0x00000000c3b00000|  0%| F|  |TAMS 0x00000000c3a00000, 0x00000000c3a00000| Untracked 
|  33|0x00000000c3b00000, 0x00000000c3b00000, 0x00000000c3c00000|  0%| F|  |TAMS 0x00000000c3b00000, 0x00000000c3b00000| Untracked 
|  34|0x00000000c3c00000, 0x00000000c3c00000, 0x00000000c3d00000|  0%| F|  |TAMS 0x00000000c3c00000, 0x00000000c3c00000| Untracked 
|  35|0x00000000c3d00000, 0x00000000c3d00000, 0x00000000c3e00000|  0%| F|  |TAMS 0x00000000c3d00000, 0x00000000c3d00000| Untracked 
|  36|0x00000000c3e00000, 0x00000000c3e00000, 0x00000000c3f00000|  0%| F|  |TAMS 0x00000000c3e00000, 0x00000000c3e00000| Untracked 
|  37|0x00000000c3f00000, 0x00000000c3f00000, 0x00000000c4000000|  0%| F|  |TAMS 0x00000000c3f00000, 0x00000000c3f00000| Untracked 
|  38|0x00000000c4000000, 0x00000000c4000000, 0x00000000c4100000|  0%| F|  |TAMS 0x00000000c4000000, 0x00000000c4000000| Untracked 
|  39|0x00000000c4100000, 0x00000000c4100000, 0x00000000c4200000|  0%| F|  |TAMS 0x00000000c4100000, 0x00000000c4100000| Untracked 
|  40|0x00000000c4200000, 0x00000000c4200000, 0x00000000c4300000|  0%| F|  |TAMS 0x00000000c4200000, 0x00000000c4200000| Untracked 
|  41|0x00000000c4300000, 0x00000000c4300000, 0x00000000c4400000|  0%| F|  |TAMS 0x00000000c4300000, 0x00000000c4300000| Untracked 
|  42|0x00000000c4400000, 0x00000000c4400000, 0x00000000c4500000|  0%| F|  |TAMS 0x00000000c4400000, 0x00000000c4400000| Untracked 
|  43|0x00000000c4500000, 0x00000000c4500000, 0x00000000c4600000|  0%| F|  |TAMS 0x00000000c4500000, 0x00000000c4500000| Untracked 
|  44|0x00000000c4600000, 0x00000000c4600000, 0x00000000c4700000|  0%| F|  |TAMS 0x00000000c4600000, 0x00000000c4600000| Untracked 
|  45|0x00000000c4700000, 0x00000000c4700000, 0x00000000c4800000|  0%| F|  |TAMS 0x00000000c4700000, 0x00000000c4700000| Untracked 
|  46|0x00000000c4800000, 0x00000000c4800000, 0x00000000c4900000|  0%| F|  |TAMS 0x00000000c4800000, 0x00000000c4800000| Untracked 
|  47|0x00000000c4900000, 0x00000000c4900000, 0x00000000c4a00000|  0%| F|  |TAMS 0x00000000c4900000, 0x00000000c4900000| Untracked 
|  48|0x00000000c4a00000, 0x00000000c4a00000, 0x00000000c4b00000|  0%| F|  |TAMS 0x00000000c4a00000, 0x00000000c4a00000| Untracked 
|  49|0x00000000c4b00000, 0x00000000c4b00000, 0x00000000c4c00000|  0%| F|  |TAMS 0x00000000c4b00000, 0x00000000c4b00000| Untracked 
|  50|0x00000000c4c00000, 0x00000000c4c00000, 0x00000000c4d00000|  0%| F|  |TAMS 0x00000000c4c00000, 0x00000000c4c00000| Untracked 
|  51|0x00000000c4d00000, 0x00000000c4d00000, 0x00000000c4e00000|  0%| F|  |TAMS 0x00000000c4d00000, 0x00000000c4d00000| Untracked 
|  52|0x00000000c4e00000, 0x00000000c4e00000, 0x00000000c4f00000|  0%| F|  |TAMS 0x00000000c4e00000, 0x00000000c4e00000| Untracked 
|  53|0x00000000c4f00000, 0x00000000c4f00000, 0x00000000c5000000|  0%| F|  |TAMS 0x00000000c4f00000, 0x00000000c4f00000| Untracked 
|  54|0x00000000c5000000, 0x00000000c5100000, 0x00000000c5100000|100%| S|CS|TAMS 0x00000000c5000000, 0x00000000c5000000| Complete 
|  55|0x00000000c5100000, 0x00000000c5200000, 0x00000000c5200000|100%| S|CS|TAMS 0x00000000c5100000, 0x00000000c5100000| Complete 
|  56|0x00000000c5200000, 0x00000000c5200000, 0x00000000c5300000|  0%| F|  |TAMS 0x00000000c5200000, 0x00000000c5200000| Untracked 
|  57|0x00000000c5300000, 0x00000000c5300000, 0x00000000c5400000|  0%| F|  |TAMS 0x00000000c5300000, 0x00000000c5300000| Untracked 
|  58|0x00000000c5400000, 0x00000000c5400000, 0x00000000c5500000|  0%| F|  |TAMS 0x00000000c5400000, 0x00000000c5400000| Untracked 
|  59|0x00000000c5500000, 0x00000000c5500000, 0x00000000c5600000|  0%| F|  |TAMS 0x00000000c5500000, 0x00000000c5500000| Untracked 
|  60|0x00000000c5600000, 0x00000000c5600000, 0x00000000c5700000|  0%| F|  |TAMS 0x00000000c5600000, 0x00000000c5600000| Untracked 
|  61|0x00000000c5700000, 0x00000000c5700000, 0x00000000c5800000|  0%| F|  |TAMS 0x00000000c5700000, 0x00000000c5700000| Untracked 
|  62|0x00000000c5800000, 0x00000000c5800000, 0x00000000c5900000|  0%| F|  |TAMS 0x00000000c5800000, 0x00000000c5800000| Untracked 
|  63|0x00000000c5900000, 0x00000000c5900000, 0x00000000c5a00000|  0%| F|  |TAMS 0x00000000c5900000, 0x00000000c5900000| Untracked 

Card table byte_map: [0x0000020b5e0d0000,0x0000020b5e2d0000] _byte_map_base: 0x0000020b5dac3000

Marking Bits (Prev, Next): (CMBitMap*) 0x0000020b4b512870, (CMBitMap*) 0x0000020b4b5128b0
 Prev Bits: [0x0000020b5e4d0000, 0x0000020b5f468000)
 Next Bits: [0x0000020b5f470000, 0x0000020b60408000)

Polling page: 0x0000020b49200000

Metaspace:

Usage:
  Non-class:     17.25 MB capacity,    17.15 MB (>99%) used,    76.59 KB ( <1%) free+waste,    27.94 KB ( <1%) overhead. 
      Class:      2.09 MB capacity,     2.00 MB ( 95%) used,    86.02 KB (  4%) free+waste,    10.63 KB ( <1%) overhead. 
       Both:     19.34 MB capacity,    19.15 MB ( 99%) used,   162.60 KB ( <1%) free+waste,    38.56 KB ( <1%) overhead. 

Virtual space:
  Non-class space:       38.00 MB reserved,      17.25 MB ( 45%) committed 
      Class space:        1.00 GB reserved,       2.13 MB ( <1%) committed 
             Both:        1.04 GB reserved,      19.38 MB (  2%) committed 

Chunk freelists:
   Non-Class:  0 bytes
       Class:  0 bytes
        Both:  0 bytes

MaxMetaspaceSize: 17179869184.00 GB
CompressedClassSpaceSize: 1.00 GB

CodeHeap 'non-profiled nmethods': size=238912Kb used=2683Kb max_used=2683Kb free=236228Kb
 bounds [0x0000020b4f580000, 0x0000020b4f820000, 0x0000020b5ded0000]
CodeHeap 'non-nmethods': size=6848Kb used=1266Kb max_used=1266Kb free=5581Kb
 bounds [0x0000020b4eed0000, 0x0000020b4f140000, 0x0000020b4f580000]
 total_blobs=2126 nmethods=1680 adapters=374
 compilation: enabled
              stopped_count=0, restarted_count=0
 full_count=0

Compilation events (20 events):
Event: 7.874 Thread 0x0000020b6293a930 1669       1       java.io.ObjectOutputStream::writeString (74 bytes)
Event: 7.874 Thread 0x0000020b6293a930 nmethod 1669 0x0000020b4f819390 code [0x0000020b4f8195a0, 0x0000020b4f819958]
Event: 7.908 Thread 0x0000020b6293a930 1671       1       jdk.internal.org.objectweb.asm.MethodWriter::visitAnnotation (40 bytes)
Event: 7.909 Thread 0x0000020b6293a930 nmethod 1671 0x0000020b4f81a010 code [0x0000020b4f81a220, 0x0000020b4f81a918]
Event: 7.909 Thread 0x0000020b6293a930 1672       1       jdk.internal.org.objectweb.asm.AnnotationWriter::create (34 bytes)
Event: 7.909 Thread 0x0000020b6293a930 nmethod 1672 0x0000020b4f81ac10 code [0x0000020b4f81ade0, 0x0000020b4f81b0f8]
Event: 7.909 Thread 0x0000020b6293a930 1673       1       jdk.internal.org.objectweb.asm.AnnotationWriter::<init> (60 bytes)
Event: 7.909 Thread 0x0000020b6293a930 nmethod 1673 0x0000020b4f81b290 code [0x0000020b4f81b440, 0x0000020b4f81b708]
Event: 7.909 Thread 0x0000020b6293a930 1674       1       jdk.internal.org.objectweb.asm.AnnotationVisitor::<init> (7 bytes)
Event: 7.909 Thread 0x0000020b6293a930 nmethod 1674 0x0000020b4f81b810 code [0x0000020b4f81b9a0, 0x0000020b4f81ba88]
Event: 7.909 Thread 0x0000020b6293a930 1675       1       jdk.internal.org.objectweb.asm.AnnotationVisitor::<init> (88 bytes)
Event: 7.910 Thread 0x0000020b6293a930 nmethod 1675 0x0000020b4f81bb10 code [0x0000020b4f81bd20, 0x0000020b4f81c228]
Event: 7.910 Thread 0x0000020b6293a930 1676       1       jdk.internal.org.objectweb.asm.AnnotationWriter::visitEnd (44 bytes)
Event: 7.910 Thread 0x0000020b6293a930 nmethod 1676 0x0000020b4f81c490 code [0x0000020b4f81c620, 0x0000020b4f81c738]
Event: 8.010 Thread 0x0000020b6293a930 1678       1       jdk.internal.reflect.Reflection::verifyMemberAccess (200 bytes)
Event: 8.014 Thread 0x0000020b6293a930 nmethod 1678 0x0000020b4f81cb10 code [0x0000020b4f81ce80, 0x0000020b4f81dd88]
Event: 8.014 Thread 0x0000020b6293a930 1680       1       ch.qos.logback.classic.Logger::getName (5 bytes)
Event: 8.014 Thread 0x0000020b6293a930 nmethod 1680 0x0000020b4f81e610 code [0x0000020b4f81e7a0, 0x0000020b4f81e858]
Event: 8.014 Thread 0x0000020b6293a930 1679       1       jdk.internal.reflect.Reflection::verifyModuleAccess (24 bytes)
Event: 8.014 Thread 0x0000020b6293a930 nmethod 1679 0x0000020b4f81e910 code [0x0000020b4f81eb00, 0x0000020b4f81edb8]

GC Heap History (8 events):
Event: 4.106 GC heap before
{Heap before GC invocations=0 (full 0):
 garbage-first heap   total 65536K, used 13312K [0x00000000c1a00000, 0x0000000100000000)
  region size 1024K, 13 young (13312K), 0 survivors (0K)
 Metaspace       used 12325K, capacity 12469K, committed 12544K, reserved 1060864K
  class space    used 1183K, capacity 1234K, committed 1280K, reserved 1048576K
}
Event: 4.114 GC heap after
{Heap after GC invocations=1 (full 0):
 garbage-first heap   total 65536K, used 6383K [0x00000000c1a00000, 0x0000000100000000)
  region size 1024K, 2 young (2048K), 2 survivors (2048K)
 Metaspace       used 12325K, capacity 12469K, committed 12544K, reserved 1060864K
  class space    used 1183K, capacity 1234K, committed 1280K, reserved 1048576K
}
Event: 6.414 GC heap before
{Heap before GC invocations=1 (full 0):
 garbage-first heap   total 65536K, used 16623K [0x00000000c1a00000, 0x0000000100000000)
  region size 1024K, 12 young (12288K), 2 survivors (2048K)
 Metaspace       used 15898K, capacity 16140K, committed 16384K, reserved 1064960K
  class space    used 1595K, capacity 1670K, committed 1792K, reserved 1048576K
}
Event: 6.423 GC heap after
{Heap after GC invocations=2 (full 0):
 garbage-first heap   total 65536K, used 7419K [0x00000000c1a00000, 0x0000000100000000)
  region size 1024K, 1 young (1024K), 1 survivors (1024K)
 Metaspace       used 15898K, capacity 16140K, committed 16384K, reserved 1064960K
  class space    used 1595K, capacity 1670K, committed 1792K, reserved 1048576K
}
Event: 7.734 GC heap before
{Heap before GC invocations=2 (full 0):
 garbage-first heap   total 65536K, used 28923K [0x00000000c1a00000, 0x0000000100000000)
  region size 1024K, 22 young (22528K), 1 survivors (1024K)
 Metaspace       used 18338K, capacity 18612K, committed 18688K, reserved 1067008K
  class space    used 1905K, capacity 1980K, committed 2048K, reserved 1048576K
}
Event: 7.741 GC heap after
{Heap after GC invocations=3 (full 0):
 garbage-first heap   total 65536K, used 8297K [0x00000000c1a00000, 0x0000000100000000)
  region size 1024K, 2 young (2048K), 2 survivors (2048K)
 Metaspace       used 18338K, capacity 18612K, committed 18688K, reserved 1067008K
  class space    used 1905K, capacity 1980K, committed 2048K, reserved 1048576K
}
Event: 8.033 GC heap before
{Heap before GC invocations=3 (full 0):
 garbage-first heap   total 65536K, used 15465K [0x00000000c1a00000, 0x0000000100000000)
  region size 1024K, 10 young (10240K), 2 survivors (2048K)
 Metaspace       used 19606K, capacity 19808K, committed 19840K, reserved 1085440K
  class space    used 2047K, capacity 2144K, committed 2176K, reserved 1048576K
}
Event: 8.045 GC heap after
{Heap after GC invocations=4 (full 0):
 garbage-first heap   total 65536K, used 8510K [0x00000000c1a00000, 0x0000000100000000)
  region size 1024K, 2 young (2048K), 2 survivors (2048K)
 Metaspace       used 19606K, capacity 19808K, committed 19840K, reserved 1085440K
  class space    used 2047K, capacity 2144K, committed 2176K, reserved 1048576K
}

Deoptimization events (20 events):
Event: 7.780 Thread 0x0000020b4b4e4010 DEOPT PACKING pc=0x0000020b4f734f54 sp=0x000000afb66fe720
Event: 7.780 Thread 0x0000020b4b4e4010 DEOPT UNPACKING pc=0x0000020b4ef1e23f sp=0x000000afb66fdc10 mode 1
Event: 7.781 Thread 0x0000020b4b4e4010 DEOPT PACKING pc=0x0000020b4f77fddc sp=0x000000afb66fdc40
Event: 7.781 Thread 0x0000020b4b4e4010 DEOPT UNPACKING pc=0x0000020b4ef1e23f sp=0x000000afb66fd0d8 mode 1
Event: 7.781 Thread 0x0000020b4b4e4010 DEOPT PACKING pc=0x0000020b4f77797c sp=0x000000afb66fdd10
Event: 7.781 Thread 0x0000020b4b4e4010 DEOPT UNPACKING pc=0x0000020b4ef1e23f sp=0x000000afb66fd1c8 mode 1
Event: 7.781 Thread 0x0000020b4b4e4010 DEOPT PACKING pc=0x0000020b4f734f54 sp=0x000000afb66fe720
Event: 7.781 Thread 0x0000020b4b4e4010 DEOPT UNPACKING pc=0x0000020b4ef1e23f sp=0x000000afb66fdc10 mode 1
Event: 7.781 Thread 0x0000020b4b4e4010 DEOPT PACKING pc=0x0000020b4f77fddc sp=0x000000afb66fdc40
Event: 7.781 Thread 0x0000020b4b4e4010 DEOPT UNPACKING pc=0x0000020b4ef1e23f sp=0x000000afb66fd0d8 mode 1
Event: 7.781 Thread 0x0000020b4b4e4010 DEOPT PACKING pc=0x0000020b4f77797c sp=0x000000afb66fdd10
Event: 7.781 Thread 0x0000020b4b4e4010 DEOPT UNPACKING pc=0x0000020b4ef1e23f sp=0x000000afb66fd1c8 mode 1
Event: 7.781 Thread 0x0000020b4b4e4010 DEOPT PACKING pc=0x0000020b4f734f54 sp=0x000000afb66fe720
Event: 7.781 Thread 0x0000020b4b4e4010 DEOPT UNPACKING pc=0x0000020b4ef1e23f sp=0x000000afb66fdc10 mode 1
Event: 7.781 Thread 0x0000020b4b4e4010 DEOPT PACKING pc=0x0000020b4f77fddc sp=0x000000afb66fdc40
Event: 7.781 Thread 0x0000020b4b4e4010 DEOPT UNPACKING pc=0x0000020b4ef1e23f sp=0x000000afb66fd0d8 mode 1
Event: 7.781 Thread 0x0000020b4b4e4010 DEOPT PACKING pc=0x0000020b4f77797c sp=0x000000afb66fdd10
Event: 7.781 Thread 0x0000020b4b4e4010 DEOPT UNPACKING pc=0x0000020b4ef1e23f sp=0x000000afb66fd1c8 mode 1
Event: 7.781 Thread 0x0000020b4b4e4010 DEOPT PACKING pc=0x0000020b4f734f54 sp=0x000000afb66fe720
Event: 7.781 Thread 0x0000020b4b4e4010 DEOPT UNPACKING pc=0x0000020b4ef1e23f sp=0x000000afb66fdc10 mode 1

Classes unloaded (0 events):
No events

Classes redefined (0 events):
No events

Internal exceptions (20 events):
Event: 5.378 Thread 0x0000020b63e146b0 Exception <a 'java/lang/ClassNotFoundException'{0x00000000c524f068}: javax/management/remote/rmi/RMIConnectionImpl_Skel> (0x00000000c524f068) 
thrown [./open/src/hotspot/share/classfile/systemDictionary.cpp, line 295]
Event: 5.540 Thread 0x0000020b63e146b0 Exception <a 'java/lang/reflect/InvocationTargetException'{0x00000000c52f4290}> (0x00000000c52f4290) 
thrown [./open/src/hotspot/share/runtime/reflection.cpp, line 1157]
Event: 5.708 Thread 0x0000020b63e146b0 Exception <a 'java/lang/NoSuchMethodError'{0x00000000c511c8f0}: static [Ljava/lang/StackTraceElement;.<clinit>()V> (0x00000000c511c8f0) 
thrown [./open/src/hotspot/share/prims/jni.cpp, line 1204]
Event: 6.261 Thread 0x0000020b63e146b0 Exception <a 'java/lang/reflect/InvocationTargetException'{0x00000000c51324b8}> (0x00000000c51324b8) 
thrown [./open/src/hotspot/share/runtime/reflection.cpp, line 1157]
Event: 6.349 Thread 0x0000020b4b4e4010 Exception <a 'java/lang/ClassNotFoundException'{0x00000000c5098a60}: javax/smartcardio/CardPermission> (0x00000000c5098a60) 
thrown [./open/src/hotspot/share/classfile/systemDictionary.cpp, line 295]
Event: 6.359 Thread 0x0000020b4b4e4010 Exception <a 'java/io/FileNotFoundException'{0x00000000c50a95c0}> (0x00000000c50a95c0) 
thrown [./open/src/hotspot/share/prims/jni.cpp, line 578]
Event: 6.764 Thread 0x0000020b63e146b0 Exception <a 'java/lang/reflect/InvocationTargetException'{0x00000000c54c7268}> (0x00000000c54c7268) 
thrown [./open/src/hotspot/share/runtime/reflection.cpp, line 1157]
Event: 6.959 Thread 0x0000020b4b4e4010 Exception <a 'java/lang/NoSuchMethodError'{0x00000000c5386188}: 'java.lang.Object java.lang.invoke.DirectMethodHandle$Holder.invokeSpecialIFC(java.lang.Object, java.lang.Object, java.lang.Object, java.lang.Object)'> (0x00000000c5386188) 
thrown [./open/src/hotspot/share/interpreter/linkResolver.cpp, line 782]
Event: 6.988 Thread 0x0000020b4b4e4010 Exception <a 'java/lang/NoSuchMethodError'{0x00000000c53eccc8}: 'int java.lang.invoke.DirectMethodHandle$Holder.invokeVirtual(java.lang.Object, java.lang.Object, java.lang.Object)'> (0x00000000c53eccc8) 
thrown [./open/src/hotspot/share/interpreter/linkResolver.cpp, line 782]
Event: 7.030 Thread 0x0000020b4b4e4010 Exception <a 'java/lang/NoSuchMethodError'{0x00000000c5121408}: 'int java.lang.invoke.DirectMethodHandle$Holder.invokeStaticInit(java.lang.Object, java.lang.Object)'> (0x00000000c5121408) 
thrown [./open/src/hotspot/share/interpreter/linkResolver.cpp, line 782]
Event: 7.318 Thread 0x0000020b63e146b0 Exception <a 'java/lang/reflect/InvocationTargetException'{0x00000000c54cb500}> (0x00000000c54cb500) 
thrown [./open/src/hotspot/share/runtime/reflection.cpp, line 1157]
Event: 7.333 Thread 0x0000020b4b4e4010 Exception <a 'java/lang/NoSuchMethodError'{0x00000000c4cc7358}: 'int java.lang.invoke.DirectMethodHandle$Holder.invokeStaticInit(java.lang.Object, java.lang.Object, java.lang.Object)'> (0x00000000c4cc7358) 
thrown [./open/src/hotspot/share/interpreter/linkResolver.cpp, line 782]
Event: 7.343 Thread 0x0000020b4b4e4010 Exception <a 'java/lang/NoSuchMethodError'{0x00000000c4b1ed50}: 'java.lang.Object java.lang.invoke.DirectMethodHandle$Holder.invokeVirtual(java.lang.Object, java.lang.Object, java.lang.Object)'> (0x00000000c4b1ed50) 
thrown [./open/src/hotspot/share/interpreter/linkResolver.cpp, line 782]
Event: 7.348 Thread 0x0000020b4b4e4010 Exception <a 'java/lang/NoSuchMethodError'{0x00000000c4b8e7b8}: 'java.lang.Object java.lang.invoke.DirectMethodHandle$Holder.newInvokeSpecial(java.lang.Object, java.lang.Object, java.lang.Object, java.lang.Object, java.lang.Object)'> (0x00000000c4b8e7b8) 
thrown [./open/src/hotspot/share/interpreter/linkResolver.cpp, line 782]
Event: 7.629 Thread 0x0000020b4b4e4010 Exception <a 'java/io/FileNotFoundException'{0x00000000c46ab2b8}> (0x00000000c46ab2b8) 
thrown [./open/src/hotspot/share/prims/jni.cpp, line 578]
Event: 7.871 Thread 0x0000020b63e146b0 Exception <a 'java/lang/reflect/InvocationTargetException'{0x00000000c5501e18}> (0x00000000c5501e18) 
thrown [./open/src/hotspot/share/runtime/reflection.cpp, line 1157]
Event: 7.906 Thread 0x0000020b4b4e4010 Exception <a 'java/lang/NoSuchMethodError'{0x00000000c54283b8}: 'void java.lang.invoke.DirectMethodHandle$Holder.invokeStatic(java.lang.Object, java.lang.Object, java.lang.Object, java.lang.Object)'> (0x00000000c54283b8) 
thrown [./open/src/hotspot/share/interpreter/linkResolver.cpp, line 782]
Event: 7.908 Thread 0x0000020b4b4e4010 Exception <a 'java/lang/NoSuchMethodError'{0x00000000c5453e40}: 'java.lang.Object java.lang.invoke.Invokers$Holder.invokeExact_MT(java.lang.Object, java.lang.Object, java.lang.Object, java.lang.Object, java.lang.Object, java.lang.Object)'> (0x00000000c5453e40) 
thrown [./open/src/hotspot/share/interpreter/linkResolver.cpp, line 782]
Event: 7.912 Thread 0x0000020b4b4e4010 Exception <a 'java/lang/NoSuchMethodError'{0x00000000c5477778}: 'java.lang.Object java.lang.invoke.DirectMethodHandle$Holder.invokeInterface(java.lang.Object, java.lang.Object, java.lang.Object)'> (0x00000000c5477778) 
thrown [./open/src/hotspot/share/interpreter/linkResolver.cpp, line 782]
Event: 7.912 Thread 0x0000020b4b4e4010 Exception <a 'java/lang/IncompatibleClassChangeError'{0x00000000c547b010}: Found class java.lang.Object, but interface was expected> (0x00000000c547b010) 
thrown [./open/src/hotspot/share/interpreter/linkResolver.cpp, line 848]

Events (20 events):
Event: 7.909 loading class java/util/Collections$ReverseComparator done
Event: 7.909 loading class java/util/Comparators$NaturalOrderComparator
Event: 7.909 loading class java/util/Comparators$NaturalOrderComparator done
Event: 7.909 loading class java/util/Collections$ReverseComparator2
Event: 7.910 loading class java/util/Collections$ReverseComparator2 done
Event: 7.927 loading class java/util/Collections$UnmodifiableMap$UnmodifiableEntrySet
Event: 7.927 loading class java/util/Collections$UnmodifiableMap$UnmodifiableEntrySet done
Event: 7.927 loading class java/util/Collections$UnmodifiableMap$UnmodifiableEntrySet$1
Event: 7.927 loading class java/util/Collections$UnmodifiableMap$UnmodifiableEntrySet$1 done
Event: 7.927 loading class java/util/Collections$UnmodifiableMap$UnmodifiableEntrySet$UnmodifiableEntry
Event: 7.927 loading class java/util/Collections$UnmodifiableMap$UnmodifiableEntrySet$UnmodifiableEntry done
Event: 8.023 loading class java/util/function/BiPredicate
Event: 8.023 loading class java/util/function/BiPredicate done
Event: 8.028 loading class java/time/Clock
Event: 8.028 loading class java/time/Clock done
Event: 8.028 loading class java/time/Clock$SystemClock
Event: 8.028 loading class java/time/Clock$SystemClock done
Event: 8.028 loading class java/time/ZoneOffset
Event: 8.029 loading class java/time/ZoneOffset done
Event: 8.033 Executing VM operation: CollectForMetadataAllocation


Dynamic libraries:
0x00007ff77b360000 - 0x00007ff77b36d000 	C:\Users\DELL\Desktop\spring\sts-4.10.0.RELEASE\plugins\org.eclipse.justj.openjdk.hotspot.jre.full.win32.x86_64_15.0.2.v20210201-0955\jre\bin\javaw.exe
0x00007ffd34220000 - 0x00007ffd34410000 	C:\WINDOWS\SYSTEM32\ntdll.dll
0x00007ffd329f0000 - 0x00007ffd32aa2000 	C:\WINDOWS\System32\KERNEL32.DLL
0x00007ffd31330000 - 0x00007ffd315d5000 	C:\WINDOWS\System32\KERNELBASE.dll
0x00007ffd32120000 - 0x00007ffd3221a000 	C:\WINDOWS\System32\ucrtbase.dll
0x00007ffd0ab60000 - 0x00007ffd0ab79000 	C:\Users\DELL\Desktop\spring\sts-4.10.0.RELEASE\plugins\org.eclipse.justj.openjdk.hotspot.jre.full.win32.x86_64_15.0.2.v20210201-0955\jre\bin\VCRUNTIME140.dll
0x00007ffd0ac10000 - 0x00007ffd0ac28000 	C:\Users\DELL\Desktop\spring\sts-4.10.0.RELEASE\plugins\org.eclipse.justj.openjdk.hotspot.jre.full.win32.x86_64_15.0.2.v20210201-0955\jre\bin\jli.dll
0x00007ffd32d00000 - 0x00007ffd32e94000 	C:\WINDOWS\System32\USER32.dll
0x00007ffd31d70000 - 0x00007ffd31d91000 	C:\WINDOWS\System32\win32u.dll
0x00007ffd27e80000 - 0x00007ffd28104000 	C:\WINDOWS\WinSxS\amd64_microsoft.windows.common-controls_6595b64144ccf1df_6.0.18362.1256_none_9e7e379be45e40e2\COMCTL32.dll
0x00007ffd329c0000 - 0x00007ffd329e6000 	C:\WINDOWS\System32\GDI32.dll
0x00007ffd331f0000 - 0x00007ffd3328e000 	C:\WINDOWS\System32\msvcrt.dll
0x00007ffd31190000 - 0x00007ffd31326000 	C:\WINDOWS\System32\gdi32full.dll
0x00007ffd33340000 - 0x00007ffd33676000 	C:\WINDOWS\System32\combase.dll
0x00007ffd32080000 - 0x00007ffd3211e000 	C:\WINDOWS\System32\msvcp_win.dll
0x00007ffd32ea0000 - 0x00007ffd32fc0000 	C:\WINDOWS\System32\RPCRT4.dll
0x00007ffd32220000 - 0x00007ffd322a1000 	C:\WINDOWS\System32\bcryptPrimitives.dll
0x00007ffd33290000 - 0x00007ffd332be000 	C:\WINDOWS\System32\IMM32.DLL
0x00007ffd2d5e0000 - 0x00007ffd2d5ec000 	C:\Users\DELL\Desktop\spring\sts-4.10.0.RELEASE\plugins\org.eclipse.justj.openjdk.hotspot.jre.full.win32.x86_64_15.0.2.v20210201-0955\jre\bin\vcruntime140_1.dll
0x00007ffcfc520000 - 0x00007ffcfc5b1000 	C:\Users\DELL\Desktop\spring\sts-4.10.0.RELEASE\plugins\org.eclipse.justj.openjdk.hotspot.jre.full.win32.x86_64_15.0.2.v20210201-0955\jre\bin\msvcp140.dll
0x00007ffcb4960000 - 0x00007ffcb54be000 	C:\Users\DELL\Desktop\spring\sts-4.10.0.RELEASE\plugins\org.eclipse.justj.openjdk.hotspot.jre.full.win32.x86_64_15.0.2.v20210201-0955\jre\bin\server\jvm.dll
0x00007ffd33b50000 - 0x00007ffd33bf3000 	C:\WINDOWS\System32\ADVAPI32.dll
0x00007ffd33cb0000 - 0x00007ffd33d47000 	C:\WINDOWS\System32\sechost.dll
0x00007ffd341d0000 - 0x00007ffd341d8000 	C:\WINDOWS\System32\PSAPI.DLL
0x00007ffd1ea50000 - 0x00007ffd1ea59000 	C:\WINDOWS\SYSTEM32\WSOCK32.dll
0x00007ffd2bd60000 - 0x00007ffd2bd84000 	C:\WINDOWS\SYSTEM32\WINMM.dll
0x00007ffd33a60000 - 0x00007ffd33acf000 	C:\WINDOWS\System32\WS2_32.dll
0x00007ffd2b820000 - 0x00007ffd2b82a000 	C:\WINDOWS\SYSTEM32\VERSION.dll
0x00007ffd2bd30000 - 0x00007ffd2bd5d000 	C:\WINDOWS\SYSTEM32\winmmbase.dll
0x00007ffd32030000 - 0x00007ffd3207a000 	C:\WINDOWS\System32\cfgmgr32.dll
0x00007ffd31120000 - 0x00007ffd31131000 	C:\WINDOWS\System32\kernel.appcore.dll
0x00007ffd20950000 - 0x00007ffd2095a000 	C:\Users\DELL\Desktop\spring\sts-4.10.0.RELEASE\plugins\org.eclipse.justj.openjdk.hotspot.jre.full.win32.x86_64_15.0.2.v20210201-0955\jre\bin\jimage.dll
0x00007ffd29670000 - 0x00007ffd29864000 	C:\WINDOWS\SYSTEM32\DBGHELP.DLL
0x00007ffd1d380000 - 0x00007ffd1d3aa000 	C:\WINDOWS\SYSTEM32\dbgcore.DLL
0x00007ffd10ab0000 - 0x00007ffd10ae9000 	C:\Users\DELL\Desktop\spring\sts-4.10.0.RELEASE\plugins\org.eclipse.justj.openjdk.hotspot.jre.full.win32.x86_64_15.0.2.v20210201-0955\jre\bin\jdwp.dll
0x00007ffd2de10000 - 0x00007ffd2de1e000 	C:\Users\DELL\Desktop\spring\sts-4.10.0.RELEASE\plugins\org.eclipse.justj.openjdk.hotspot.jre.full.win32.x86_64_15.0.2.v20210201-0955\jre\bin\instrument.dll
0x00007ffd16c00000 - 0x00007ffd16c25000 	C:\Users\DELL\Desktop\spring\sts-4.10.0.RELEASE\plugins\org.eclipse.justj.openjdk.hotspot.jre.full.win32.x86_64_15.0.2.v20210201-0955\jre\bin\java.dll
0x00007ffd15970000 - 0x00007ffd15988000 	C:\Users\DELL\Desktop\spring\sts-4.10.0.RELEASE\plugins\org.eclipse.justj.openjdk.hotspot.jre.full.win32.x86_64_15.0.2.v20210201-0955\jre\bin\zip.dll
0x00007ffd322d0000 - 0x00007ffd329b7000 	C:\WINDOWS\System32\SHELL32.dll
0x00007ffd32ab0000 - 0x00007ffd32b59000 	C:\WINDOWS\System32\shcore.dll
0x00007ffd315e0000 - 0x00007ffd31d61000 	C:\WINDOWS\System32\windows.storage.dll
0x00007ffd310f0000 - 0x00007ffd31113000 	C:\WINDOWS\System32\profapi.dll
0x00007ffd31140000 - 0x00007ffd3118a000 	C:\WINDOWS\System32\powrprof.dll
0x00007ffd310c0000 - 0x00007ffd310d0000 	C:\WINDOWS\System32\UMPDC.dll
0x00007ffd33180000 - 0x00007ffd331d2000 	C:\WINDOWS\System32\shlwapi.dll
0x00007ffd322b0000 - 0x00007ffd322c7000 	C:\WINDOWS\System32\cryptsp.dll
0x00007ffd2ddf0000 - 0x00007ffd2ddfb000 	C:\Users\DELL\Desktop\spring\sts-4.10.0.RELEASE\plugins\org.eclipse.justj.openjdk.hotspot.jre.full.win32.x86_64_15.0.2.v20210201-0955\jre\bin\dt_socket.dll
0x00007ffd305c0000 - 0x00007ffd305fa000 	C:\WINDOWS\SYSTEM32\IPHLPAPI.DLL
0x00007ffd30910000 - 0x00007ffd30977000 	C:\WINDOWS\system32\mswsock.dll
0x00007ffd30600000 - 0x00007ffd306cb000 	C:\WINDOWS\SYSTEM32\DNSAPI.dll
0x00007ffd33d50000 - 0x00007ffd33d58000 	C:\WINDOWS\System32\NSI.dll
0x00007ffd269e0000 - 0x00007ffd269ea000 	C:\Windows\System32\rasadhlp.dll
0x00007ffd2a470000 - 0x00007ffd2a4e7000 	C:\WINDOWS\System32\fwpuclnt.dll
0x00007ffd31eb0000 - 0x00007ffd31ed6000 	C:\WINDOWS\System32\bcrypt.dll
0x00007ffd158d0000 - 0x00007ffd158e9000 	C:\Users\DELL\Desktop\spring\sts-4.10.0.RELEASE\plugins\org.eclipse.justj.openjdk.hotspot.jre.full.win32.x86_64_15.0.2.v20210201-0955\jre\bin\net.dll
0x00007ffd2c9a0000 - 0x00007ffd2ca90000 	C:\WINDOWS\SYSTEM32\WINHTTP.dll
0x00007ffd10a00000 - 0x00007ffd10a12000 	C:\Users\DELL\Desktop\spring\sts-4.10.0.RELEASE\plugins\org.eclipse.justj.openjdk.hotspot.jre.full.win32.x86_64_15.0.2.v20210201-0955\jre\bin\nio.dll
0x00007ffd2dde0000 - 0x00007ffd2dde9000 	C:\Users\DELL\Desktop\spring\sts-4.10.0.RELEASE\plugins\org.eclipse.justj.openjdk.hotspot.jre.full.win32.x86_64_15.0.2.v20210201-0955\jre\bin\management.dll
0x00007ffd1d3b0000 - 0x00007ffd1d3bb000 	C:\Users\DELL\Desktop\spring\sts-4.10.0.RELEASE\plugins\org.eclipse.justj.openjdk.hotspot.jre.full.win32.x86_64_15.0.2.v20210201-0955\jre\bin\management_ext.dll
0x00007ffd1d8a0000 - 0x00007ffd1d8b6000 	C:\WINDOWS\system32\napinsp.dll
0x00007ffd1d810000 - 0x00007ffd1d82a000 	C:\WINDOWS\system32\pnrpnsp.dll
0x00007ffd29910000 - 0x00007ffd2991e000 	C:\WINDOWS\System32\winrnr.dll
0x00007ffd2dc80000 - 0x00007ffd2dc9c000 	C:\WINDOWS\system32\NLAapi.dll
0x00007ffd2bdb0000 - 0x00007ffd2bdc5000 	C:\WINDOWS\system32\wshbth.dll
0x00007ffd30420000 - 0x00007ffd30453000 	C:\WINDOWS\system32\rsaenh.dll
0x00007ffd30fa0000 - 0x00007ffd30fc5000 	C:\WINDOWS\SYSTEM32\USERENV.dll
0x00007ffd30b40000 - 0x00007ffd30b4c000 	C:\WINDOWS\SYSTEM32\CRYPTBASE.dll
0x00007ffd2ad40000 - 0x00007ffd2ad56000 	C:\WINDOWS\SYSTEM32\dhcpcsvc6.DLL
0x00007ffd2b000000 - 0x00007ffd2b01c000 	C:\WINDOWS\SYSTEM32\dhcpcsvc.DLL
0x00007ffd1d660000 - 0x00007ffd1d670000 	C:\Users\DELL\Desktop\spring\sts-4.10.0.RELEASE\plugins\org.eclipse.justj.openjdk.hotspot.jre.full.win32.x86_64_15.0.2.v20210201-0955\jre\bin\verify.dll

dbghelp: loaded successfully - version: 4.0.5 - missing functions: none
symbol engine: initialized successfully - sym options: 0x614 - pdb path: .;C:\Users\DELL\Desktop\spring\sts-4.10.0.RELEASE\plugins\org.eclipse.justj.openjdk.hotspot.jre.full.win32.x86_64_15.0.2.v20210201-0955\jre\bin;C:\WINDOWS\SYSTEM32;C:\WINDOWS\WinSxS\amd64_microsoft.windows.common-controls_6595b64144ccf1df_6.0.18362.1256_none_9e7e379be45e40e2;C:\Users\DELL\Desktop\spring\sts-4.10.0.RELEASE\plugins\org.eclipse.justj.openjdk.hotspot.jre.full.win32.x86_64_15.0.2.v20210201-0955\jre\bin\server

VM Arguments:
jvm_args: -XX:+ShowCodeDetailsInExceptionMessages -agentlib:jdwp=transport=dt_socket,suspend=y,address=localhost:54882 -Dcom.sun.management.jmxremote -Dcom.sun.management.jmxremote.port=54880 -Dcom.sun.management.jmxremote.authenticate=false -Dcom.sun.management.jmxremote.ssl=false -Djava.rmi.server.hostname=localhost -Dspring.jmx.enabled=true -Dspring.application.admin.enabled=true -XX:TieredStopAtLevel=1 -Dspring.boot.project.name=springrest -javaagent:C:\Users\DELL\Desktop\spring\sts-4.10.0.RELEASE\configuration\org.eclipse.osgi\254\0\.cp\lib\javaagent-shaded.jar -Dfile.encoding=UTF-8 
java_command: com.springrest.springrest.SpringrestApplication --spring.output.ansi.enabled=always
java_class_path (initial): F:\springrest\target\classes;C:\Users\DELL\.m2\repository\org\springframework\boot\spring-boot-starter-data-jpa\2.4.5\spring-boot-starter-data-jpa-2.4.5.jar;C:\Users\DELL\.m2\repository\org\springframework\boot\spring-boot-starter-aop\2.4.5\spring-boot-starter-aop-2.4.5.jar;C:\Users\DELL\.m2\repository\org\springframework\spring-aop\5.3.6\spring-aop-5.3.6.jar;C:\Users\DELL\.m2\repository\org\aspectj\aspectjweaver\1.9.6\aspectjweaver-1.9.6.jar;C:\Users\DELL\.m2\repository\org\springframework\boot\spring-boot-starter-jdbc\2.4.5\spring-boot-starter-jdbc-2.4.5.jar;C:\Users\DELL\.m2\repository\com\zaxxer\HikariCP\3.4.5\HikariCP-3.4.5.jar;C:\Users\DELL\.m2\repository\org\springframework\spring-jdbc\5.3.6\spring-jdbc-5.3.6.jar;C:\Users\DELL\.m2\repository\jakarta\transaction\jakarta.transaction-api\1.3.3\jakarta.transaction-api-1.3.3.jar;C:\Users\DELL\.m2\repository\jakarta\persistence\jakarta.persistence-api\2.2.3\jakarta.persistence-api-2.2.3.jar;C:\Users\DELL\.m2\repository\org\hibernate\hibernate-core\5.4.30.Final\hibernate-core-5.4.30.Final.jar;C:\Users\DELL\.m2\repository\org\jboss\logging\jboss-logging\3.4.1.Final\jboss-logging-3.4.1.Final.jar;C:\Users\DELL\.m2\repository\org\javassist\javassist\3.27.0-GA\javassist-3.27.0-GA.jar;C:\Users\DELL\.m2\repository\net\bytebuddy\byte-buddy\1.10.22\byte-buddy-1.10.22.jar;C:\Users\DELL\.m2\repository\antlr\antlr\2.7.7\antlr-2.7.7.jar;C:\Users\DELL\.m2\repository\org\jboss\jandex\2.2.3.Final\jandex-2.2.3.Final.jar;C:\Users\DELL\.m2\repository\com\fasterxml\classmate\1.5.1\classmate-1.5.1.jar;C:\Users\DELL\.m2\repository\org\dom4j\dom4j\2.1.3\dom4j-2.1.3.jar;C:\Users\DELL\.m2\repository\org\hibernate\common\hibernate-commons-annotations\5.1.2.Final\hibernate-commons-annotations-5.1.2.Final.jar;C:\Users\DELL\.m2\repository\org\glassfish\jaxb\jaxb-runtime\2.3.4\jaxb-runtime-2.3.4.jar;C:\Users\DELL\.m2\repository\org\glassfish\jaxb\txw2\2.3.4\txw2-2.3.4.jar;C:\Users\DELL\.m2\repository\com\sun\istack\i
Launcher Type: SUN_STANDARD

[Global flags]
     intx CICompilerCount                          = 3                                         {product} {ergonomic}
     uint ConcGCThreads                            = 1                                         {product} {ergonomic}
     uint G1ConcRefinementThreads                  = 4                                         {product} {ergonomic}
   size_t G1HeapRegionSize                         = 1048576                                   {product} {ergonomic}
    uintx GCDrainStackTargetSize                   = 64                                        {product} {ergonomic}
   size_t InitialHeapSize                          = 67108864                                  {product} {ergonomic}
     bool ManagementServer                         = true                                      {product} {command line}
   size_t MarkStackSize                            = 4194304                                   {product} {ergonomic}
   size_t MaxHeapSize                              = 1046478848                                {product} {ergonomic}
   size_t MaxNewSize                               = 627048448                                 {product} {ergonomic}
   size_t MinHeapDeltaBytes                        = 1048576                                   {product} {ergonomic}
   size_t MinHeapSize                              = 8388608                                   {product} {ergonomic}
    uintx NonNMethodCodeHeapSize                   = 6973028                                {pd product} {ergonomic}
    uintx NonProfiledCodeHeapSize                  = 244685212                              {pd product} {ergonomic}
    uintx ProfiledCodeHeapSize                     = 0                                      {pd product} {ergonomic}
    uintx ReservedCodeCacheSize                    = 251658240                              {pd product} {ergonomic}
     bool SegmentedCodeCache                       = true                                      {product} {ergonomic}
     bool ShowCodeDetailsInExceptionMessages       = true                                   {manageable} {command line}
   size_t SoftMaxHeapSize                          = 1046478848                             {manageable} {ergonomic}
     intx TieredStopAtLevel                        = 1                                         {product} {command line}
     bool UseCompressedClassPointers               = true                                 {lp64_product} {ergonomic}
     bool UseCompressedOops                        = true                                 {lp64_product} {ergonomic}
     bool UseG1GC                                  = true                                      {product} {ergonomic}
     bool UseLargePagesIndividualAllocation        = false                                  {pd product} {ergonomic}

Logging:
Log output configuration:
 #0: stdout all=warning uptime,level,tags
 #1: stderr all=off uptime,level,tags

Environment Variables:
JAVA_HOME=C:\Program Files\Java\jdk1.8.0_131
PATH=C:\Users\DELL\Desktop\spring\sts-4.10.0.RELEASE\plugins\org.eclipse.justj.openjdk.hotspot.jre.full.win32.x86_64_15.0.2.v20210201-0955\jre\bin;C:/Users/DELL/Desktop/spring/sts-4.10.0.RELEASE//plugins/org.eclipse.justj.openjdk.hotspot.jre.full.win32.x86_64_15.0.2.v20210201-0955/jre/bin/server;C:/Users/DELL/Desktop/spring/sts-4.10.0.RELEASE//plugins/org.eclipse.justj.openjdk.hotspot.jre.full.win32.x86_64_15.0.2.v20210201-0955/jre/bin;C:\Program Files\Common Files\Oracle\Java\javapath;C:\Program Files (x86)\Intel\iCLS Client\;C:\ProgramData\Oracle\Java\javapath;C:\Program Files\Intel\iCLS Client\;C:\WINDOWS\system32;C:\WINDOWS;C:\WINDOWS\System32\Wbem;C:\WINDOWS\System32\WindowsPowerShell\v1.0\;C:\MinGW\bin;C:\Program Files\Intel\WiFi\bin\;C:\Program Files\Common Files\Intel\WirelessCommon\;C:\Program Files\Java\jre1.8.0_131\bin;C:\Program Files (x86)\Intel\Intel(R) Management Engine Components\DAL;C:\Program Files\Intel\Intel(R) Management Engine Components\DAL;C:\Program Files (x86)\Intel\Intel(R) Management Engine Components\IPT;C:\Program Files\Intel\Intel(R) Management Engine Components\IPT;C:\WINDOWS\System32\OpenSSH\;C:\apache-maven-3.8.1\bin;C:\Program Files\Git\cmd;C:\Program Files\Java\jdk1.8.0_131\bin;C:\Program Files\Java\jdk1.8.0_281\bin;C:\Program Files\Java\jdk1.8.0_131\bin;C:\Program Files\nodejs\;C:\Users\DELL\AppData\Local\Programs\Python\Python37-32\Scripts\;C:\Users\DELL\AppData\Local\Programs\Python\Python37-32\;C:\Users\DELL\AppData\Local\Microsoft\WindowsApps;C:\Python27;C:\Program Files\Git\bin;C:\Program Files\Java\jre1.8.0_281\bin;C:\Program Files\Java\jdk1.8.0_281\bin;C:\Program Files\Java\jdk1.8.0_131\bin;C:\Users\DELL\AppData\Roaming\npm;C:\Users\DELL\AppData\Local\Programs\Microsoft VS Code\bin;C:\Users\DELL\Desktop\spring\sts-4.10.0.RELEASE;
USERNAME=DELL
OS=Windows_NT
PROCESSOR_IDENTIFIER=Intel64 Family 6 Model 78 Stepping 3, GenuineIntel



---------------  S Y S T E M  ---------------

OS:
 Windows 10 , 64 bit Build 18362 (10.0.18362.1110)
OS uptime: 5 days 21:25 hours

CPU: total 4 (initial active 4) (2 cores per cpu, 2 threads per core) family 6 model 78 stepping 3 microcode 0xcc, cmov, cx8, fxsr, mmx, sse, sse2, sse3, ssse3, sse4.1, sse4.2, popcnt, vzeroupper, avx, avx2, aes, clmul, erms, 3dnowpref, lzcnt, ht, tsc, tscinvbit, bmi1, bmi2, adx, fma, clflush, clflushopt

Memory: 4k page, system-wide physical 3987M (264M free)
TotalPageFile size 8169M (AvailPageFile size 0M)
current process WorkingSet (physical memory assigned to process): 92M, peak: 92M
current process commit charge ("private bytes"): 153M, peak: 154M

vm_info: OpenJDK 64-Bit Server VM (15.0.2+7-27) for windows-amd64 JRE (15.0.2+7-27), built on Dec  7 2020 20:02:38 by "mach5one" with unknown MS VC++:1925

END.
